<?xml version="1.0" encoding="UTF-8"?>
<!-- Generated by org.testng.reporters.JUnitReportReporter -->
<testsuite hostname="Sonys-Mac-mini.local" failures="0" tests="1" name="com.selenium.qa.set4npl.empsuplier.fundreq.T03_AccessioriesSubsidy" time="0.000" errors="0" timestamp="2025-09-08T12:34:11 NPT" skipped="1">
  <testcase classname="com.selenium.qa.set4npl.empsuplier.fundreq.T03_AccessioriesSubsidy" name="TC_addAccessories" time="0.000">
    <skipped/>
  </testcase> <!-- TC_addAccessories -->
</testsuite> <!-- com.selenium.qa.set4npl.empsuplier.fundreq.T03_AccessioriesSubsidy -->
