<?xml version="1.0" encoding="UTF-8"?>
<!-- Generated by org.testng.reporters.JUnitReportReporter -->
<testsuite hostname="Sonys-Mac-mini.local" failures="0" tests="1" name="com.selenium.qa.set4npl.empsuplier.fundreq.T01_CreateFundReq" time="142.200" errors="0" timestamp="2025-09-08T12:34:11 NPT" skipped="0">
  <testcase classname="com.selenium.qa.set4npl.empsuplier.fundreq.T01_CreateFundReq" name="CFR_002" time="142.200"/>
</testsuite> <!-- com.selenium.qa.set4npl.empsuplier.fundreq.T01_CreateFundReq -->
