<?xml version="1.0" encoding="UTF-8"?>
<!-- Generated by org.testng.reporters.JUnitReportReporter -->
<testsuite hostname="Rabin" failures="0" tests="1" name="com.selenium.qa.set4npl.empsuplier.fundreq.T03_AccessioriesSubsidy" time="16.454" errors="0" timestamp="2025-09-14T20:45:05 NPT" skipped="0">
  <testcase classname="com.selenium.qa.set4npl.empsuplier.fundreq.T03_AccessioriesSubsidy" name="TC_addAccessories" time="16.454"/>
</testsuite> <!-- com.selenium.qa.set4npl.empsuplier.fundreq.T03_AccessioriesSubsidy -->
