<?xml version="1.0" encoding="UTF-8"?>
<!-- Generated by org.testng.reporters.JUnitReportReporter -->
<testsuite hostname="Sonys-Mac-mini.local" failures="0" tests="1" name="com.selenium.qa.set4npl.empsuplier.fundreq.T01_CreateFundReqWithFullPayment" time="100.866" errors="0" timestamp="2025-08-27T10:18:19 NPT" skipped="0">
  <testcase classname="com.selenium.qa.set4npl.empsuplier.fundreq.T01_CreateFundReqWithFullPayment" name="CFR006" time="100.866"/>
</testsuite> <!-- com.selenium.qa.set4npl.empsuplier.fundreq.T01_CreateFundReqWithFullPayment -->
