<?xml version="1.0" encoding="UTF-8"?>
<!-- Generated by org.testng.reporters.JUnitReportReporter -->
<testsuite hostname="Rabin" failures="0" tests="1" name="com.selenium.qa.set4npl.empsuplier.fundreq.T06_ReportedDefaults" time="1.009" errors="0" timestamp="2025-09-15T17:52:27 NPT" skipped="0">
  <testcase classname="com.selenium.qa.set4npl.empsuplier.fundreq.T06_ReportedDefaults" name="verifySpecificLoanId" time="1.009"/>
</testsuite> <!-- com.selenium.qa.set4npl.empsuplier.fundreq.T06_ReportedDefaults -->
