<?xml version="1.0" encoding="UTF-8"?>
<!-- Generated by org.testng.reporters.JUnitReportReporter -->
<testsuite hostname="DESKTOP-2JP8OVU" failures="0" tests="1" name="com.selenium.qa.set4npl.empsuplier.fundreq.Login" time="27.090" errors="0" timestamp="2025-06-17T07:55:33 IST" skipped="0">
  <testcase classname="com.selenium.qa.set4npl.empsuplier.fundreq.Login" name="t1_CreateFundReqasSupplier" time="27.090"/>
</testsuite> <!-- com.selenium.qa.set4npl.empsuplier.fundreq.Login -->
