<?xml version="1.0" encoding="UTF-8"?>
<!-- Generated by org.testng.reporters.JUnitReportReporter -->
<testsuite hostname="Rabin" failures="0" tests="1" name="com.selenium.qa.set4npl.empsuplier.fundreq.T03_AccessioriesSubsidy" time="33.104" errors="0" timestamp="2025-09-01T16:20:29 NPT" skipped="0">
  <testcase classname="com.selenium.qa.set4npl.empsuplier.fundreq.T03_AccessioriesSubsidy" name="TC_addAccessories" time="33.104"/>
</testsuite> <!-- com.selenium.qa.set4npl.empsuplier.fundreq.T03_AccessioriesSubsidy -->
