<?xml version="1.0" encoding="UTF-8"?>
<!-- Generated by org.testng.reporters.JUnitReportReporter -->
<testsuite hostname="Sonys-Mac-mini.local" failures="0" tests="1" name="com.selenium.qa.set4npl.empsuplier.fundreq.practice" time="49.204" errors="0" timestamp="2025-08-26T13:26:33 NPT" skipped="0">
  <testcase classname="com.selenium.qa.set4npl.empsuplier.fundreq.practice" name="reportreq" time="49.204"/>
</testsuite> <!-- com.selenium.qa.set4npl.empsuplier.fundreq.practice -->
