<?xml version="1.0" encoding="UTF-8"?>
<!-- Generated by org.testng.reporters.JUnitReportReporter -->
<testsuite hostname="Sonys-Mac-mini.local" failures="0" tests="1" name="com.selenium.qa.set4npl.empsuplier.fundreq.T02_HANDLINGBANK_TEST" time="56.510" errors="0" timestamp="2025-09-01T14:53:52 NPT" skipped="0">
  <testcase classname="com.selenium.qa.set4npl.empsuplier.fundreq.T02_HANDLINGBANK_TEST" name="reportreq" time="56.510"/>
</testsuite> <!-- com.selenium.qa.set4npl.empsuplier.fundreq.T02_HANDLINGBANK_TEST -->
