<?xml version="1.0" encoding="UTF-8"?>
<!-- Generated by org.testng.reporters.JUnitReportReporter -->
<testsuite hostname="DESKTOP-2JP8OVU" failures="0" tests="1" name="com.selenium.qa.set4npl.objects.T01_CreateFundReq" time="40.384" errors="0" timestamp="2025-06-19T20:48:41 IST" skipped="0">
  <testcase classname="com.selenium.qa.set4npl.objects.T01_CreateFundReq" name="t1_CreateFundReqasSupplier" time="40.384"/>
</testsuite> <!-- com.selenium.qa.set4npl.objects.T01_CreateFundReq -->
