<?xml version="1.0" encoding="UTF-8"?>
<!-- Generated by org.testng.reporters.JUnitReportReporter -->
<testsuite hostname="Sonys-Mac-mini.local" failures="0" tests="6" name="com.selenium.qa.set4npl.empsuplier.fundreq.T01_CreateFundReqWithFullPayment" time="625.612" errors="0" timestamp="2025-09-01T14:00:29 NPT" skipped="0">
  <testcase classname="com.selenium.qa.set4npl.empsuplier.fundreq.T01_CreateFundReqWithFullPayment" name="CFR_001" time="89.297"/>
  <testcase classname="com.selenium.qa.set4npl.empsuplier.fundreq.T01_CreateFundReqWithFullPayment" name="CFR_002" time="97.401"/>
  <testcase classname="com.selenium.qa.set4npl.empsuplier.fundreq.T01_CreateFundReqWithFullPayment" name="CFR_003" time="95.360"/>
  <testcase classname="com.selenium.qa.set4npl.empsuplier.fundreq.T01_CreateFundReqWithFullPayment" name="CFR004" time="136.588"/>
  <testcase classname="com.selenium.qa.set4npl.empsuplier.fundreq.T01_CreateFundReqWithFullPayment" name="CFR005" time="104.704"/>
  <testcase classname="com.selenium.qa.set4npl.empsuplier.fundreq.T01_CreateFundReqWithFullPayment" name="CFR006" time="102.262"/>
</testsuite> <!-- com.selenium.qa.set4npl.empsuplier.fundreq.T01_CreateFundReqWithFullPayment -->
