<?xml version="1.0" encoding="UTF-8"?>
<!-- Generated by org.testng.reporters.JUnitReportReporter -->
<testsuite hostname="Rabin" failures="0" tests="1" name="com.selenium.qa.set4npl.empsuplier.fundreq.T04_EMBaccessiories" time="6.186" errors="0" timestamp="2025-09-02T13:20:48 NPT" skipped="0">
  <testcase classname="com.selenium.qa.set4npl.empsuplier.fundreq.T04_EMBaccessiories" name="clickEmbAccessioriesRejectFlow" time="6.186"/>
</testsuite> <!-- com.selenium.qa.set4npl.empsuplier.fundreq.T04_EMBaccessiories -->
